# Edit this file to introduce tasks to be run by cron.
# 
# Each task to run has to be defined through a single line
# indicating with different fields when the task will be run
# and what command to run for the task
# 
# To define the time you can provide concrete values for
# minute (m), hour (h), day of month (dom), month (mon),
# and day of week (dow) or use '*' in these fields (for 'any').
# 
# Notice that tasks will be started based on the cron's system
# daemon's notion of time and timezones.
# 
# Output of the crontab jobs (including errors) is sent through
# email to the user the crontab file belongs to (unless redirected).
# 
# For example, you can run a backup of all your user accounts
# at 5 a.m every week with:
# 0 5 * * 1 tar -zcf /var/backups/home.tgz /home/
# 
# For more information see the manual pages of crontab(5) and cron(8)
# 
# m h  dom mon dow   command

# NextCloud Preview
59 23 * * * sudo -u www-data php /var/www/space.DOMAIN.ru/occ preview:pre-generate
# Cron NextCloud server
*/5 * * * * sudo -u www-data php /var/www/space.DOMAIN.ru/cron.php >> /var/log/nextcloud_cron.log
# Copy xlsx for web api_monitor every 1 min and convert
#*/10 * * * * cp /var/www/space.DOMAIN.ru/data/anon/files/Documents/accounting.xlsx /var/www/DOMAIN.ru/miner_site/api_monitor_/csv/excel.xlsx && python3 /var/www/DOMAIN.ru/miner_site/api_monitor_/xls2csv.py >> /var/log/xls_csv_cron.log
*/5 * * * * /var/www/DOMAIN.ru/api_monitor_/run.sh >> /var/log/api_script.log
# Update Onlyoffice certs 
3 4 25 */2 * cp /etc/letsencrypt/live/space.DOMAIN.ru/fullchain.pem /app/onlyoffice/DocumentServer/data/certs/onlyoffice.crt >/dev/null 2>&1
3 4 25 */2 * cp /etc/letsencrypt/live/space.DOMAIN.ru/privkey.pem /app/onlyoffice/DocumentServer/data/certs/onlyoffice.key >/dev/null 2>&1
3 4 25 */2 * cp /etc/letsencrypt/live/space.DOMAIN.ru/fullchain.pem /app/coturn/docker/coturn/cert.pem
3 4 25 */2 * cp /etc/letsencrypt/live/space.2spades.ru/privkey.pem /app/coturn/docker/coturn/privkey.pem
0 4 * * * /usr/local/sbin/boringtun-upgrade &>/dev/null
# Copy result txt from API to stats
*/1 * * * * cp /home/nfs/assets_for_api/csv/result_from_odroid.txt /var/www/2spades.ru/stats_spades/csv/result_from_odroid.txt

# RUN MAIN BACKUP ALL SYSTEM
30 20 * * * /root/backup_scripts/backup_all.sh >> /var/log/backup_main.log
55 20 * * * /root/backup_scripts/backup_nextcloud.sh >> /var/log/backup_nextcloud.log
# RUN SYNC HDD DATA (WITH BACKUPs) TO WASABI BUCKET
15 21 * * * /usr/bin/rclone --config /home/nfs/vps/config/rclone.conf sync /home/nfs/vps/backup wasabi:/twospades/ --progress --log-level INFO --log-file /tmp/wasabi_command_rclone.log >> /var/log/wasabi_cron_log.log
